[debug] [2019-06-12T16:52:23.795Z] ----------------------------------------------------------------------
[debug] [2019-06-12T16:52:23.854Z] Command:       C:\Program Files\nodejs\node.exe C:\Users\Ernest\AppData\Roaming\npm\node_modules\firebase-tools\lib\bin\firebase.js init
[debug] [2019-06-12T16:52:23.855Z] CLI Version:   6.11.0
[debug] [2019-06-12T16:52:23.856Z] Platform:      win32
[debug] [2019-06-12T16:52:23.856Z] Node Version:  v10.16.0
[debug] [2019-06-12T16:52:24.138Z] Time:          Wed Jun 12 2019 17:52:23 GMT+0100 (British Summer Time)
[debug] [2019-06-12T16:52:24.138Z] ----------------------------------------------------------------------
[debug] 
[debug] [2019-06-12T16:52:24.210Z] > command requires scopes: ["email","openid","https://www.googleapis.com/auth/cloudplatformprojects.readonly","https://www.googleapis.com/auth/firebase","https://www.googleapis.com/auth/cloud-platform"]
[debug] [2019-06-12T16:52:24.212Z] > authorizing via signed-in user
[info] 
     ######## #### ########  ######## ########     ###     ######  ########
     ##        ##  ##     ## ##       ##     ##  ##   ##  ##       ##
     ######    ##  ########  ######   ########  #########  ######  ######
     ##        ##  ##    ##  ##       ##     ## ##     ##       ## ##
     ##       #### ##     ## ######## ########  ##     ##  ######  ########

You're about to initialize a Firebase project in this directory:

  C:\xampp\htdocs\ClearanceForm

Before we get started, keep in mind:

  * You are currently outside your home directory

